Unable to listen on port 3000: Listeners failed to create with the following errors: [unable to create listener: Error listen tcp4 127.0.0.1:3000: bind: address already in use unable to create listener: Error listen tcp6 [::1]:3000: bind: address already in use]
error: unable to listen on any of the requested ports: [{3000 3000}]
Unable to listen on port 3000: Listeners failed to create with the following errors: [unable to create listener: Error listen tcp4 127.0.0.1:3000: bind: address already in use unable to create listener: Error listen tcp6 [::1]:3000: bind: address already in use]
error: unable to listen on any of the requested ports: [{3000 3000}]
Forwarding from 127.0.0.1:3000 -> 3000
Forwarding from [::1]:3000 -> 3000
Handling connection for 3000
E0805 13:19:52.967124    5893 portforward.go:409] an error occurred forwarding 3000 -> 3000: error forwarding port 3000 to pod 39fdec3ef36ac416c3e1ac3afcf78b3b46925511e64fb067a9b2b82515c85a14, uid : exit status 1: 2023/08/05 13:19:52 socat[3984] E connect(5, AF=2 127.0.0.1:3000, 16): Connection refused
error: lost connection to pod
Forwarding from 127.0.0.1:3000 -> 3000
Forwarding from [::1]:3000 -> 3000
Handling connection for 3000
Handling connection for 3000
Handling connection for 3000
Handling connection for 3000
Handling connection for 3000
Handling connection for 3000
Handling connection for 3000
Handling connection for 3000
Handling connection for 3000
Unable to listen on port 3000: Listeners failed to create with the following errors: [unable to create listener: Error listen tcp4 127.0.0.1:3000: bind: address already in use unable to create listener: Error listen tcp6 [::1]:3000: bind: address already in use]
error: unable to listen on any of the requested ports: [{3000 3000}]
Handling connection for 3000
Handling connection for 3000
Handling connection for 3000
Handling connection for 3000
Handling connection for 3000
Handling connection for 3000
Handling connection for 3000
Handling connection for 3000
Handling connection for 3000
Handling connection for 3000
Handling connection for 3000
Handling connection for 3000
Handling connection for 3000
Handling connection for 3000
Handling connection for 3000
Handling connection for 3000
Handling connection for 3000
Handling connection for 3000
Handling connection for 3000
Handling connection for 3000
Handling connection for 3000
Handling connection for 3000
Handling connection for 3000
Unable to listen on port 3000: Listeners failed to create with the following errors: [unable to create listener: Error listen tcp4 127.0.0.1:3000: bind: address already in use unable to create listener: Error listen tcp6 [::1]:3000: bind: address already in use]
error: unable to listen on any of the requested ports: [{3000 3000}]
Handling connection for 3000
Handling connection for 3000
E0805 14:05:39.639147   13246 portforward.go:409] an error occurred forwarding 3000 -> 3000: error forwarding port 3000 to pod 39fdec3ef36ac416c3e1ac3afcf78b3b46925511e64fb067a9b2b82515c85a14, uid : container not running (39fdec3ef36ac416c3e1ac3afcf78b3b46925511e64fb067a9b2b82515c85a14)
error: lost connection to pod
Forwarding from 127.0.0.1:3000 -> 3000
Forwarding from [::1]:3000 -> 3000
Handling connection for 3000
E0805 14:06:08.650687   71948 portforward.go:409] an error occurred forwarding 3000 -> 3000: error forwarding port 3000 to pod c1731926533b43330b91dd073bcc7e28eda804106918f0777aadab20c7365cc0, uid : exit status 1: 2023/08/05 14:06:08 socat[50443] E connect(5, AF=2 127.0.0.1:3000, 16): Connection refused
error: lost connection to pod
Forwarding from 127.0.0.1:3000 -> 3000
Forwarding from [::1]:3000 -> 3000
Handling connection for 3000
Handling connection for 3000
Handling connection for 3000
Handling connection for 3000
Handling connection for 3000
Handling connection for 3000
Handling connection for 3000
Handling connection for 3000
Handling connection for 3000
Handling connection for 3000
Handling connection for 3000
Handling connection for 3000
Handling connection for 3000
Handling connection for 3000
Handling connection for 3000
Handling connection for 3000
Handling connection for 3000
Handling connection for 3000
Handling connection for 3000
Handling connection for 3000
Handling connection for 3000
Handling connection for 3000
Handling connection for 3000
Handling connection for 3000
Handling connection for 3000
Error from server (NotFound): deployments.apps "kafka-ui" not found
Unable to listen on port 3000: Listeners failed to create with the following errors: [unable to create listener: Error listen tcp4 127.0.0.1:3000: bind: address already in use unable to create listener: Error listen tcp6 [::1]:3000: bind: address already in use]
error: unable to listen on any of the requested ports: [{3000 3000}]
Error from server (NotFound): deployments.apps "kafka-ui" not found
Handling connection for 3000
error: unable to forward port because pod is not running. Current status=Pending
Forwarding from 127.0.0.1:3001 -> 8080
Forwarding from [::1]:3001 -> 8080
Handling connection for 3001
Handling connection for 3000
Handling connection for 3001
Handling connection for 3001
Handling connection for 3001
Handling connection for 3001
Handling connection for 3001
Handling connection for 3001
Handling connection for 3000
